{"ip":"::1","level":"error","message":"Error occurred: Cannot read properties of undefined (reading 'spotifyUrl')","method":"POST","service":"spotify-downloader","timestamp":"2025-10-22T16:41:32.411Z","url":"/validate-spotify","userAgent":"curl/8.14.1"}
{"contentLength":"1340","ip":"::1","level":"info","message":"POST /validate-spotify - 500 - 11ms","service":"spotify-downloader","timestamp":"2025-10-22T16:41:32.420Z","userAgent":"curl/8.14.1"}
{"contentLength":"61","ip":"::1","level":"info","message":"POST /validate-spotify - 200 - 16ms","service":"spotify-downloader","timestamp":"2025-10-22T16:41:34.888Z","userAgent":"curl/8.14.1"}
{"level":"info","message":"Processing Spotify download request for URL: https://open.spotify.com/track/4uLU6hMCjMI75M1A2tKUQ3","service":"spotify-downloader","timestamp":"2025-10-22T16:41:39.681Z"}
{"level":"info","message":"Extracting metadata from Spotify...","service":"spotify-downloader","timestamp":"2025-10-22T16:41:39.682Z"}
{"level":"info","message":"Extracting metadata from Spotify URL: https://open.spotify.com/track/4uLU6hMCjMI75M1A2tKUQ3","service":"spotify-downloader","timestamp":"2025-10-22T16:41:39.683Z"}
{"level":"info","message":"Executing Python script: ./spotify/metadata_extractor.py with args: https://open.spotify.com/track/4uLU6hMCjMI75M1A2tKUQ3","service":"spotify-downloader","timestamp":"2025-10-22T16:41:39.684Z"}
{"level":"error","message":"Python script failed with code 9009: Python was not found; run without arguments to install from the Microsoft Store, or disable this shortcut from Settings > Apps > Advanced app settings > App execution aliases.\r\n","service":"spotify-downloader","timestamp":"2025-10-22T16:41:39.811Z"}
{"level":"error","message":"Error extracting Spotify metadata: Python script failed with code 9009: Python was not found; run without arguments to install from the Microsoft Store, or disable this shortcut from Settings > Apps > Advanced app settings > App execution aliases.\r\n","service":"spotify-downloader","timestamp":"2025-10-22T16:41:39.813Z"}
{"level":"error","message":"Error in downloadSpotify controller: Python script failed with code 9009: Python was not found; run without arguments to install from the Microsoft Store, or disable this shortcut from Settings > Apps > Advanced app settings > App execution aliases.\r\n","service":"spotify-downloader","timestamp":"2025-10-22T16:41:39.814Z"}
{"contentLength":"244","ip":"::1","level":"info","message":"POST /download-spotify - 500 - 136ms","service":"spotify-downloader","timestamp":"2025-10-22T16:41:39.816Z","userAgent":"curl/8.14.1"}
{"contentLength":"61","ip":"::1","level":"info","message":"POST /validate-spotify - 200 - 16ms","service":"spotify-downloader","timestamp":"2025-10-22T17:04:06.798Z","userAgent":"axios/1.12.2"}
{"level":"info","message":"Processing Spotify download request for URL: https://open.spotify.com/track/4uLU6hMCjMI75M1A2tKUQ3","service":"spotify-downloader","timestamp":"2025-10-22T17:04:06.803Z"}
{"level":"info","message":"Extracting metadata from Spotify...","service":"spotify-downloader","timestamp":"2025-10-22T17:04:06.804Z"}
{"level":"info","message":"Extracting metadata from Spotify URL: https://open.spotify.com/track/4uLU6hMCjMI75M1A2tKUQ3","service":"spotify-downloader","timestamp":"2025-10-22T17:04:06.805Z"}
{"level":"error","message":"Error extracting Spotify metadata: Python is not available. Please install Python and add it to your PATH.","service":"spotify-downloader","timestamp":"2025-10-22T17:04:06.949Z"}
{"level":"error","message":"Error in downloadSpotify controller: Python is not available. Please install Python and add it to your PATH.","service":"spotify-downloader","timestamp":"2025-10-22T17:04:06.950Z"}
{"contentLength":"99","ip":"::1","level":"info","message":"POST /download-spotify - 500 - 149ms","service":"spotify-downloader","timestamp":"2025-10-22T17:04:06.951Z","userAgent":"axios/1.12.2"}
{"contentLength":"71","ip":"::1","level":"info","message":"POST /validate-spotify - 200 - 1ms","service":"spotify-downloader","timestamp":"2025-10-22T17:04:06.956Z","userAgent":"axios/1.12.2"}
{"contentLength":"61","ip":"::1","level":"info","message":"POST /validate-youtube - 200 - 2ms","service":"spotify-downloader","timestamp":"2025-10-22T17:04:06.960Z","userAgent":"axios/1.12.2"}
{"level":"info","message":"Processing Spotify download request for URL: https://open.spotify.com/track/1JDZ0c0OzuyJjSwENJQg4n?si=85f489b70c0649f7","service":"spotify-downloader","timestamp":"2025-10-22T17:06:11.173Z"}
{"level":"info","message":"Extracting metadata from Spotify...","service":"spotify-downloader","timestamp":"2025-10-22T17:06:11.175Z"}
{"level":"info","message":"Extracting metadata from Spotify URL: https://open.spotify.com/track/1JDZ0c0OzuyJjSwENJQg4n?si=85f489b70c0649f7","service":"spotify-downloader","timestamp":"2025-10-22T17:06:11.175Z"}
{"level":"error","message":"Error extracting Spotify metadata: Python is not available. Please install Python and add it to your PATH.","service":"spotify-downloader","timestamp":"2025-10-22T17:06:11.281Z"}
{"level":"error","message":"Error in downloadSpotify controller: Python is not available. Please install Python and add it to your PATH.","service":"spotify-downloader","timestamp":"2025-10-22T17:06:11.282Z"}
{"contentLength":"99","ip":"::1","level":"info","message":"POST /download-spotify?spotifyUrl=https://open.spotify.com/track/7w4kFO2slzHCu1qEOMaPkl?si=edfdac453b714b16 - 500 - 121ms","service":"spotify-downloader","timestamp":"2025-10-22T17:06:11.285Z","userAgent":"PostmanRuntime/7.49.0"}
{"contentLength":"61","ip":"::1","level":"info","message":"POST /validate-spotify - 200 - 2ms","service":"spotify-downloader","timestamp":"2025-10-22T17:14:25.141Z","userAgent":"curl/8.14.1"}
{"level":"info","message":"Processing Spotify download request for URL: https://open.spotify.com/track/4uLU6hMCjMI75M1A2tKUQ3","service":"spotify-downloader","timestamp":"2025-10-22T17:14:32.308Z"}
{"level":"info","message":"Extracting metadata from Spotify...","service":"spotify-downloader","timestamp":"2025-10-22T17:14:32.309Z"}
{"level":"info","message":"Extracting metadata from Spotify URL: https://open.spotify.com/track/4uLU6hMCjMI75M1A2tKUQ3","service":"spotify-downloader","timestamp":"2025-10-22T17:14:32.310Z"}
{"level":"info","message":"Executing Python script: ./spotify/metadata_extractor.py with args: https://open.spotify.com/track/4uLU6hMCjMI75M1A2tKUQ3","service":"spotify-downloader","timestamp":"2025-10-22T17:14:32.336Z"}
{"level":"error","message":"Python script failed with code 1: Using web scraping fallback to get track info...\r\nTraceback (most recent call last):\r\n  File \"C:\\Users\\LENOVO\\Desktop\\Spotify_Downloader_Backend\\spotify\\metadata_extractor.py\", line 40, in <module>\r\n    extract_metadata(track_url)\r\n    ~~~~~~~~~~~~~~~~^^^^^^^^^^^\r\n  File \"C:\\Users\\LENOVO\\Desktop\\Spotify_Downloader_Backend\\spotify\\metadata_extractor.py\", line 14, in extract_metadata\r\n    track = client.get_track_info(track_url)\r\n  File \"C:\\Users\\LENOVO\\Desktop\\Spotify_Downloader_Backend\\spotify\\spotify_client.py\", line 217, in get_track_info\r\n    raise ValueError(f\"Could not retrieve track info for ID: {track_id}\")\r\nValueError: Could not retrieve track info for ID: 4uLU6hMCjMI75M1A2tKUQ3\r\n","service":"spotify-downloader","timestamp":"2025-10-22T17:14:33.123Z"}
{"level":"error","message":"Error extracting Spotify metadata: Python script failed with code 1: Using web scraping fallback to get track info...\r\nTraceback (most recent call last):\r\n  File \"C:\\Users\\LENOVO\\Desktop\\Spotify_Downloader_Backend\\spotify\\metadata_extractor.py\", line 40, in <module>\r\n    extract_metadata(track_url)\r\n    ~~~~~~~~~~~~~~~~^^^^^^^^^^^\r\n  File \"C:\\Users\\LENOVO\\Desktop\\Spotify_Downloader_Backend\\spotify\\metadata_extractor.py\", line 14, in extract_metadata\r\n    track = client.get_track_info(track_url)\r\n  File \"C:\\Users\\LENOVO\\Desktop\\Spotify_Downloader_Backend\\spotify\\spotify_client.py\", line 217, in get_track_info\r\n    raise ValueError(f\"Could not retrieve track info for ID: {track_id}\")\r\nValueError: Could not retrieve track info for ID: 4uLU6hMCjMI75M1A2tKUQ3\r\n","service":"spotify-downloader","timestamp":"2025-10-22T17:14:33.124Z"}
{"level":"error","message":"Error in downloadSpotify controller: Python script failed with code 1: Using web scraping fallback to get track info...\r\nTraceback (most recent call last):\r\n  File \"C:\\Users\\LENOVO\\Desktop\\Spotify_Downloader_Backend\\spotify\\metadata_extractor.py\", line 40, in <module>\r\n    extract_metadata(track_url)\r\n    ~~~~~~~~~~~~~~~~^^^^^^^^^^^\r\n  File \"C:\\Users\\LENOVO\\Desktop\\Spotify_Downloader_Backend\\spotify\\metadata_extractor.py\", line 14, in extract_metadata\r\n    track = client.get_track_info(track_url)\r\n  File \"C:\\Users\\LENOVO\\Desktop\\Spotify_Downloader_Backend\\spotify\\spotify_client.py\", line 217, in get_track_info\r\n    raise ValueError(f\"Could not retrieve track info for ID: {track_id}\")\r\nValueError: Could not retrieve track info for ID: 4uLU6hMCjMI75M1A2tKUQ3\r\n","service":"spotify-downloader","timestamp":"2025-10-22T17:14:33.124Z"}
{"contentLength":"805","ip":"::1","level":"info","message":"POST /download-spotify - 500 - 817ms","service":"spotify-downloader","timestamp":"2025-10-22T17:14:33.125Z","userAgent":"curl/8.14.1"}
{"level":"info","message":"Processing Spotify download request for URL: https://open.spotify.com/track/4uLU6hMCjMI75M1A2tKUQ3","service":"spotify-downloader","timestamp":"2025-10-22T17:15:07.924Z"}
{"level":"info","message":"Extracting metadata from Spotify...","service":"spotify-downloader","timestamp":"2025-10-22T17:15:07.925Z"}
{"level":"info","message":"Extracting metadata from Spotify URL: https://open.spotify.com/track/4uLU6hMCjMI75M1A2tKUQ3","service":"spotify-downloader","timestamp":"2025-10-22T17:15:07.925Z"}
{"level":"info","message":"Executing Python script: ./spotify/metadata_extractor.py with args: https://open.spotify.com/track/4uLU6hMCjMI75M1A2tKUQ3","service":"spotify-downloader","timestamp":"2025-10-22T17:15:07.948Z"}
{"level":"error","message":"Python script failed with code 1: Using web scraping fallback to get track info...\r\nTraceback (most recent call last):\r\n  File \"C:\\Users\\LENOVO\\Desktop\\Spotify_Downloader_Backend\\spotify\\metadata_extractor.py\", line 40, in <module>\r\n    extract_metadata(track_url)\r\n    ~~~~~~~~~~~~~~~~^^^^^^^^^^^\r\n  File \"C:\\Users\\LENOVO\\Desktop\\Spotify_Downloader_Backend\\spotify\\metadata_extractor.py\", line 14, in extract_metadata\r\n    track = client.get_track_info(track_url)\r\n  File \"C:\\Users\\LENOVO\\Desktop\\Spotify_Downloader_Backend\\spotify\\spotify_client.py\", line 232, in get_track_info\r\n    raise ValueError(f\"Could not retrieve track info for ID: {track_id}\")\r\nValueError: Could not retrieve track info for ID: 4uLU6hMCjMI75M1A2tKUQ3\r\n","service":"spotify-downloader","timestamp":"2025-10-22T17:15:08.687Z"}
{"level":"error","message":"Error extracting Spotify metadata: Python script failed with code 1: Using web scraping fallback to get track info...\r\nTraceback (most recent call last):\r\n  File \"C:\\Users\\LENOVO\\Desktop\\Spotify_Downloader_Backend\\spotify\\metadata_extractor.py\", line 40, in <module>\r\n    extract_metadata(track_url)\r\n    ~~~~~~~~~~~~~~~~^^^^^^^^^^^\r\n  File \"C:\\Users\\LENOVO\\Desktop\\Spotify_Downloader_Backend\\spotify\\metadata_extractor.py\", line 14, in extract_metadata\r\n    track = client.get_track_info(track_url)\r\n  File \"C:\\Users\\LENOVO\\Desktop\\Spotify_Downloader_Backend\\spotify\\spotify_client.py\", line 232, in get_track_info\r\n    raise ValueError(f\"Could not retrieve track info for ID: {track_id}\")\r\nValueError: Could not retrieve track info for ID: 4uLU6hMCjMI75M1A2tKUQ3\r\n","service":"spotify-downloader","timestamp":"2025-10-22T17:15:08.688Z"}
{"level":"error","message":"Error in downloadSpotify controller: Python script failed with code 1: Using web scraping fallback to get track info...\r\nTraceback (most recent call last):\r\n  File \"C:\\Users\\LENOVO\\Desktop\\Spotify_Downloader_Backend\\spotify\\metadata_extractor.py\", line 40, in <module>\r\n    extract_metadata(track_url)\r\n    ~~~~~~~~~~~~~~~~^^^^^^^^^^^\r\n  File \"C:\\Users\\LENOVO\\Desktop\\Spotify_Downloader_Backend\\spotify\\metadata_extractor.py\", line 14, in extract_metadata\r\n    track = client.get_track_info(track_url)\r\n  File \"C:\\Users\\LENOVO\\Desktop\\Spotify_Downloader_Backend\\spotify\\spotify_client.py\", line 232, in get_track_info\r\n    raise ValueError(f\"Could not retrieve track info for ID: {track_id}\")\r\nValueError: Could not retrieve track info for ID: 4uLU6hMCjMI75M1A2tKUQ3\r\n","service":"spotify-downloader","timestamp":"2025-10-22T17:15:08.689Z"}
{"contentLength":"805","ip":"::1","level":"info","message":"POST /download-spotify - 500 - 767ms","service":"spotify-downloader","timestamp":"2025-10-22T17:15:08.690Z","userAgent":"curl/8.14.1"}
{"level":"info","message":"Processing YouTube download request for URL: https://www.youtube.com/watch?v=dQw4w9WgXcQ","service":"spotify-downloader","timestamp":"2025-10-22T17:15:21.236Z"}
{"level":"info","message":"Downloading directly from YouTube URL: https://www.youtube.com/watch?v=dQw4w9WgXcQ","service":"spotify-downloader","timestamp":"2025-10-22T17:15:21.236Z"}
{"level":"info","message":"Executing Python script: ./yt-dlp/downloader.py with args: https://www.youtube.com/watch?v=dQw4w9WgXcQ C:\\Users\\LENOVO\\Desktop\\Spotify_Downloader_Backend\\downloads","service":"spotify-downloader","timestamp":"2025-10-22T17:15:21.259Z"}
{"level":"info","message":"Python script executed successfully","service":"spotify-downloader","timestamp":"2025-10-22T17:15:27.469Z"}
{"level":"info","message":"Successfully downloaded audio file from URL: Test_dQw4w9WgXcQ.mp3","service":"spotify-downloader","timestamp":"2025-10-22T17:15:27.470Z"}
{"contentLength":"107","ip":"::1","level":"info","message":"POST /download-youtube - 200 - 6235ms","service":"spotify-downloader","timestamp":"2025-10-22T17:15:27.470Z","userAgent":"curl/8.14.1"}
{"level":"info","message":"Processing Spotify download request for URL: https://open.spotify.com/track/4uLU6hMCjMI75M1A2tKUQ3","service":"spotify-downloader","timestamp":"2025-10-22T17:27:39.952Z"}
{"level":"info","message":"Extracting metadata from Spotify...","service":"spotify-downloader","timestamp":"2025-10-22T17:27:39.953Z"}
{"level":"info","message":"Extracting metadata from Spotify URL: https://open.spotify.com/track/4uLU6hMCjMI75M1A2tKUQ3","service":"spotify-downloader","timestamp":"2025-10-22T17:27:39.954Z"}
{"level":"info","message":"Executing Python script: ./spotify/metadata_extractor.py with args: https://open.spotify.com/track/4uLU6hMCjMI75M1A2tKUQ3","service":"spotify-downloader","timestamp":"2025-10-22T17:27:39.975Z"}
{"level":"info","message":"Python script executed successfully","service":"spotify-downloader","timestamp":"2025-10-22T17:27:41.249Z"}
{"level":"info","message":"Successfully extracted Spotify metadata","service":"spotify-downloader","timestamp":"2025-10-22T17:27:41.250Z"}
{"level":"info","message":"Downloading from YouTube...","service":"spotify-downloader","timestamp":"2025-10-22T17:27:41.250Z"}
{"level":"info","message":"Downloading from YouTube for track: undefined by undefined","service":"spotify-downloader","timestamp":"2025-10-22T17:27:41.255Z"}
{"level":"error","message":"Error downloading from YouTube: Track title and artist are required","service":"spotify-downloader","timestamp":"2025-10-22T17:27:41.258Z"}
{"level":"error","message":"Error in downloadSpotify controller: Track title and artist are required","service":"spotify-downloader","timestamp":"2025-10-22T17:27:41.259Z"}
{"contentLength":"63","ip":"::1","level":"info","message":"POST /download-spotify - 500 - 1308ms","service":"spotify-downloader","timestamp":"2025-10-22T17:27:41.260Z","userAgent":"curl/8.14.1"}
{"level":"info","message":"Processing Spotify download request for URL: https://open.spotify.com/track/1JDZ0c0OzuyJjSwENJQg4n?si=85f489b70c0649f7","service":"spotify-downloader","timestamp":"2025-10-22T17:34:53.331Z"}
{"level":"info","message":"Extracting metadata from Spotify...","service":"spotify-downloader","timestamp":"2025-10-22T17:34:53.334Z"}
{"level":"info","message":"Extracting metadata from Spotify URL: https://open.spotify.com/track/1JDZ0c0OzuyJjSwENJQg4n?si=85f489b70c0649f7","service":"spotify-downloader","timestamp":"2025-10-22T17:34:53.334Z"}
{"level":"info","message":"Executing Python script: ./spotify/metadata_extractor.py with args: https://open.spotify.com/track/1JDZ0c0OzuyJjSwENJQg4n?si=85f489b70c0649f7","service":"spotify-downloader","timestamp":"2025-10-22T17:34:53.360Z"}
{"level":"info","message":"Python script executed successfully","service":"spotify-downloader","timestamp":"2025-10-22T17:34:54.236Z"}
{"level":"info","message":"Successfully extracted Spotify metadata","service":"spotify-downloader","timestamp":"2025-10-22T17:34:54.237Z"}
{"level":"info","message":"Downloading from YouTube...","service":"spotify-downloader","timestamp":"2025-10-22T17:34:54.237Z"}
{"level":"info","message":"Downloading from YouTube for track: undefined by undefined","service":"spotify-downloader","timestamp":"2025-10-22T17:34:54.238Z"}
{"level":"error","message":"Error downloading from YouTube: Track title and artist are required","service":"spotify-downloader","timestamp":"2025-10-22T17:34:54.238Z"}
{"level":"error","message":"Error in downloadSpotify controller: Track title and artist are required","service":"spotify-downloader","timestamp":"2025-10-22T17:34:54.239Z"}
{"contentLength":"63","ip":"::1","level":"info","message":"POST /download-spotify?spotifyUrl=https://open.spotify.com/track/7w4kFO2slzHCu1qEOMaPkl?si=edfdac453b714b16 - 500 - 919ms","service":"spotify-downloader","timestamp":"2025-10-22T17:34:54.241Z","userAgent":"PostmanRuntime/7.49.0"}
{"level":"info","message":"Processing Spotify download request for URL: https://open.spotify.com/track/1JDZ0c0OzuyJjSwENJQg4n?si=85f489b70c0649f7","service":"spotify-downloader","timestamp":"2025-10-22T17:36:02.479Z"}
{"level":"info","message":"Extracting metadata from Spotify...","service":"spotify-downloader","timestamp":"2025-10-22T17:36:02.480Z"}
{"level":"info","message":"Extracting metadata from Spotify URL: https://open.spotify.com/track/1JDZ0c0OzuyJjSwENJQg4n?si=85f489b70c0649f7","service":"spotify-downloader","timestamp":"2025-10-22T17:36:02.480Z"}
{"level":"info","message":"Executing Python script: ./spotify/metadata_extractor.py with args: https://open.spotify.com/track/1JDZ0c0OzuyJjSwENJQg4n?si=85f489b70c0649f7","service":"spotify-downloader","timestamp":"2025-10-22T17:36:02.504Z"}
{"level":"info","message":"Python script executed successfully","service":"spotify-downloader","timestamp":"2025-10-22T17:36:03.441Z"}
{"level":"info","message":"Successfully extracted Spotify metadata","service":"spotify-downloader","timestamp":"2025-10-22T17:36:03.441Z"}
{"level":"info","message":"Downloading from YouTube...","service":"spotify-downloader","timestamp":"2025-10-22T17:36:03.441Z"}
{"level":"info","message":"Downloading from YouTube for track: undefined by undefined","service":"spotify-downloader","timestamp":"2025-10-22T17:36:03.441Z"}
{"level":"error","message":"Error downloading from YouTube: Track title and artist are required","service":"spotify-downloader","timestamp":"2025-10-22T17:36:03.442Z"}
{"level":"error","message":"Error in downloadSpotify controller: Track title and artist are required","service":"spotify-downloader","timestamp":"2025-10-22T17:36:03.442Z"}
{"contentLength":"63","ip":"::1","level":"info","message":"POST /download-spotify?spotifyUrl=https://open.spotify.com/track/7w4kFO2slzHCu1qEOMaPkl?si=edfdac453b714b16 - 500 - 964ms","service":"spotify-downloader","timestamp":"2025-10-22T17:36:03.443Z","userAgent":"PostmanRuntime/7.49.0"}
{"level":"info","message":"Processing Spotify download request for URL: https://open.spotify.com/track/1JDZ0c0OzuyJjSwENJQg4n?si=85f489b70c0649f7","service":"spotify-downloader","timestamp":"2025-10-22T17:37:46.604Z"}
{"level":"info","message":"Extracting metadata from Spotify...","service":"spotify-downloader","timestamp":"2025-10-22T17:37:46.606Z"}
{"level":"info","message":"Extracting metadata from Spotify URL: https://open.spotify.com/track/1JDZ0c0OzuyJjSwENJQg4n?si=85f489b70c0649f7","service":"spotify-downloader","timestamp":"2025-10-22T17:37:46.606Z"}
{"level":"info","message":"Executing Python script: ./spotify/metadata_extractor.py with args: https://open.spotify.com/track/1JDZ0c0OzuyJjSwENJQg4n?si=85f489b70c0649f7","service":"spotify-downloader","timestamp":"2025-10-22T17:37:46.649Z"}
{"level":"info","message":"Python script executed successfully","service":"spotify-downloader","timestamp":"2025-10-22T17:37:47.476Z"}
{"level":"info","message":"Successfully extracted Spotify metadata","service":"spotify-downloader","timestamp":"2025-10-22T17:37:47.476Z"}
{"level":"info","message":"Downloading from YouTube...","service":"spotify-downloader","timestamp":"2025-10-22T17:37:47.477Z"}
{"level":"info","message":"Downloading from YouTube for track: undefined by undefined","service":"spotify-downloader","timestamp":"2025-10-22T17:37:47.477Z"}
{"level":"error","message":"Error downloading from YouTube: Track title and artist are required","service":"spotify-downloader","timestamp":"2025-10-22T17:37:47.478Z"}
{"level":"error","message":"Error in downloadSpotify controller: Track title and artist are required","service":"spotify-downloader","timestamp":"2025-10-22T17:37:47.478Z"}
{"contentLength":"63","ip":"::1","level":"info","message":"POST /download-spotify?spotifyUrl=https://open.spotify.com/track/7w4kFO2slzHCu1qEOMaPkl?si=edfdac453b714b16 - 500 - 886ms","service":"spotify-downloader","timestamp":"2025-10-22T17:37:47.481Z","userAgent":"PostmanRuntime/7.49.0"}
{"level":"info","message":"Processing Spotify download request for URL: https://open.spotify.com/track/1JDZ0c0OzuyJjSwENJQg4n?si=85f489b70c0649f7","service":"spotify-downloader","timestamp":"2025-10-22T17:42:32.593Z"}
{"level":"info","message":"Extracting metadata from Spotify...","service":"spotify-downloader","timestamp":"2025-10-22T17:42:32.598Z"}
{"level":"info","message":"Extracting metadata from Spotify URL: https://open.spotify.com/track/1JDZ0c0OzuyJjSwENJQg4n?si=85f489b70c0649f7","service":"spotify-downloader","timestamp":"2025-10-22T17:42:32.599Z"}
{"level":"info","message":"Executing Python script: ./spotify/metadata_extractor.py with args: https://open.spotify.com/track/1JDZ0c0OzuyJjSwENJQg4n?si=85f489b70c0649f7","service":"spotify-downloader","timestamp":"2025-10-22T17:42:32.630Z"}
{"level":"info","message":"Python script executed successfully","service":"spotify-downloader","timestamp":"2025-10-22T17:42:33.445Z"}
{"level":"info","message":"Successfully extracted Spotify metadata","service":"spotify-downloader","timestamp":"2025-10-22T17:42:33.446Z"}
{"level":"info","message":"Downloading from YouTube...","service":"spotify-downloader","timestamp":"2025-10-22T17:42:33.446Z"}
{"level":"info","message":"Downloading from YouTube for track: Entha Muddagiddeeye by Sagar","service":"spotify-downloader","timestamp":"2025-10-22T17:42:33.447Z"}
{"level":"info","message":"Executing Python script: ./yt-dlp/downloader.py with args: Entha Muddagiddeeye Sagar C:\\Users\\LENOVO\\Desktop\\Spotify_Downloader_Backend\\downloads","service":"spotify-downloader","timestamp":"2025-10-22T17:42:33.475Z"}
{"level":"error","message":"Python script failed with code 1: {\"success\": false, \"error\": \"Invalid arguments\"}\r\n","service":"spotify-downloader","timestamp":"2025-10-22T17:42:33.858Z"}
{"level":"error","message":"Error downloading from YouTube: Python script failed with code 1: {\"success\": false, \"error\": \"Invalid arguments\"}\r\n","service":"spotify-downloader","timestamp":"2025-10-22T17:42:33.859Z"}
{"level":"error","message":"Error in downloadSpotify controller: Python script failed with code 1: {\"success\": false, \"error\": \"Invalid arguments\"}\r\n","service":"spotify-downloader","timestamp":"2025-10-22T17:42:33.859Z"}
{"contentLength":"120","ip":"::1","level":"info","message":"POST /download-spotify?spotifyUrl=https://open.spotify.com/track/7w4kFO2slzHCu1qEOMaPkl?si=edfdac453b714b16 - 500 - 1334ms","service":"spotify-downloader","timestamp":"2025-10-22T17:42:33.862Z","userAgent":"PostmanRuntime/7.49.0"}
{"level":"info","message":"Processing Spotify download request for URL: https://open.spotify.com/track/1JDZ0c0OzuyJjSwENJQg4n?si=85f489b70c0649f7","service":"spotify-downloader","timestamp":"2025-10-22T17:44:05.026Z"}
{"level":"info","message":"Extracting metadata from Spotify...","service":"spotify-downloader","timestamp":"2025-10-22T17:44:05.027Z"}
{"level":"info","message":"Extracting metadata from Spotify URL: https://open.spotify.com/track/1JDZ0c0OzuyJjSwENJQg4n?si=85f489b70c0649f7","service":"spotify-downloader","timestamp":"2025-10-22T17:44:05.028Z"}
{"level":"info","message":"Executing Python script: ./spotify/metadata_extractor.py with args: https://open.spotify.com/track/1JDZ0c0OzuyJjSwENJQg4n?si=85f489b70c0649f7","service":"spotify-downloader","timestamp":"2025-10-22T17:44:05.065Z"}
{"level":"info","message":"Python script executed successfully","service":"spotify-downloader","timestamp":"2025-10-22T17:44:06.124Z"}
{"level":"info","message":"Successfully extracted Spotify metadata","service":"spotify-downloader","timestamp":"2025-10-22T17:44:06.126Z"}
{"level":"info","message":"Downloading from YouTube...","service":"spotify-downloader","timestamp":"2025-10-22T17:44:06.126Z"}
{"level":"info","message":"Downloading from YouTube for track: Entha Muddagiddeeye by Sagar","service":"spotify-downloader","timestamp":"2025-10-22T17:44:06.127Z"}
{"level":"info","message":"Executing Python script: ./yt-dlp/downloader.py with args: Entha Muddagiddeeye Sagar C:\\Users\\LENOVO\\Desktop\\Spotify_Downloader_Backend\\downloads","service":"spotify-downloader","timestamp":"2025-10-22T17:44:06.156Z"}
{"level":"error","message":"Python script failed with code 1: {\"success\": false, \"error\": \"Invalid arguments\"}\r\n","service":"spotify-downloader","timestamp":"2025-10-22T17:44:06.639Z"}
{"level":"error","message":"Error downloading from YouTube: Python script failed with code 1: {\"success\": false, \"error\": \"Invalid arguments\"}\r\n","service":"spotify-downloader","timestamp":"2025-10-22T17:44:06.641Z"}
{"level":"error","message":"Error in downloadSpotify controller: Python script failed with code 1: {\"success\": false, \"error\": \"Invalid arguments\"}\r\n","service":"spotify-downloader","timestamp":"2025-10-22T17:44:06.641Z"}
{"contentLength":"120","ip":"::1","level":"info","message":"POST /download-spotify?spotifyUrl=https://open.spotify.com/track/7w4kFO2slzHCu1qEOMaPkl?si=edfdac453b714b16 - 500 - 1618ms","service":"spotify-downloader","timestamp":"2025-10-22T17:44:06.644Z","userAgent":"PostmanRuntime/7.49.0"}
{"level":"info","message":"Processing Spotify download request for URL: https://open.spotify.com/track/1JDZ0c0OzuyJjSwENJQg4n?si=85f489b70c0649f7","service":"spotify-downloader","timestamp":"2025-10-22T17:45:26.340Z"}
{"level":"info","message":"Extracting metadata from Spotify...","service":"spotify-downloader","timestamp":"2025-10-22T17:45:26.340Z"}
{"level":"info","message":"Extracting metadata from Spotify URL: https://open.spotify.com/track/1JDZ0c0OzuyJjSwENJQg4n?si=85f489b70c0649f7","service":"spotify-downloader","timestamp":"2025-10-22T17:45:26.341Z"}
{"level":"info","message":"Executing Python script: ./spotify/metadata_extractor.py with args: https://open.spotify.com/track/1JDZ0c0OzuyJjSwENJQg4n?si=85f489b70c0649f7","service":"spotify-downloader","timestamp":"2025-10-22T17:45:26.372Z"}
{"level":"info","message":"Python script executed successfully","service":"spotify-downloader","timestamp":"2025-10-22T17:45:27.384Z"}
{"level":"info","message":"Successfully extracted Spotify metadata","service":"spotify-downloader","timestamp":"2025-10-22T17:45:27.385Z"}
{"level":"info","message":"Downloading from YouTube...","service":"spotify-downloader","timestamp":"2025-10-22T17:45:27.385Z"}
{"level":"info","message":"Downloading from YouTube for track: Entha Muddagiddeeye by Sagar","service":"spotify-downloader","timestamp":"2025-10-22T17:45:27.386Z"}
{"level":"info","message":"Executing Python script: ./yt-dlp/downloader.py with args: Entha Muddagiddeeye Sagar C:\\Users\\LENOVO\\Desktop\\Spotify_Downloader_Backend\\downloads","service":"spotify-downloader","timestamp":"2025-10-22T17:45:27.430Z"}
{"level":"error","message":"Python script failed with code 1: {\"success\": false, \"error\": \"Invalid arguments\"}\r\n","service":"spotify-downloader","timestamp":"2025-10-22T17:45:28.041Z"}
{"level":"error","message":"Error downloading from YouTube: Python script failed with code 1: {\"success\": false, \"error\": \"Invalid arguments\"}\r\n","service":"spotify-downloader","timestamp":"2025-10-22T17:45:28.042Z"}
{"level":"error","message":"Error in downloadSpotify controller: Python script failed with code 1: {\"success\": false, \"error\": \"Invalid arguments\"}\r\n","service":"spotify-downloader","timestamp":"2025-10-22T17:45:28.042Z"}
{"contentLength":"120","ip":"::1","level":"info","message":"POST /download-spotify?spotifyUrl=https://open.spotify.com/track/7w4kFO2slzHCu1qEOMaPkl?si=edfdac453b714b16 - 500 - 1704ms","service":"spotify-downloader","timestamp":"2025-10-22T17:45:28.043Z","userAgent":"PostmanRuntime/7.49.0"}
