{"ip":"::1","level":"error","message":"Error occurred: Cannot read properties of undefined (reading 'spotifyUrl')","method":"POST","service":"spotify-downloader","timestamp":"2025-10-22T16:41:32.411Z","url":"/validate-spotify","userAgent":"curl/8.14.1"}
{"level":"error","message":"Python script failed with code 9009: Python was not found; run without arguments to install from the Microsoft Store, or disable this shortcut from Settings > Apps > Advanced app settings > App execution aliases.\r\n","service":"spotify-downloader","timestamp":"2025-10-22T16:41:39.811Z"}
{"level":"error","message":"Error extracting Spotify metadata: Python script failed with code 9009: Python was not found; run without arguments to install from the Microsoft Store, or disable this shortcut from Settings > Apps > Advanced app settings > App execution aliases.\r\n","service":"spotify-downloader","timestamp":"2025-10-22T16:41:39.813Z"}
{"level":"error","message":"Error in downloadSpotify controller: Python script failed with code 9009: Python was not found; run without arguments to install from the Microsoft Store, or disable this shortcut from Settings > Apps > Advanced app settings > App execution aliases.\r\n","service":"spotify-downloader","timestamp":"2025-10-22T16:41:39.814Z"}
{"level":"error","message":"Error extracting Spotify metadata: Python is not available. Please install Python and add it to your PATH.","service":"spotify-downloader","timestamp":"2025-10-22T17:04:06.949Z"}
{"level":"error","message":"Error in downloadSpotify controller: Python is not available. Please install Python and add it to your PATH.","service":"spotify-downloader","timestamp":"2025-10-22T17:04:06.950Z"}
{"level":"error","message":"Error extracting Spotify metadata: Python is not available. Please install Python and add it to your PATH.","service":"spotify-downloader","timestamp":"2025-10-22T17:06:11.281Z"}
{"level":"error","message":"Error in downloadSpotify controller: Python is not available. Please install Python and add it to your PATH.","service":"spotify-downloader","timestamp":"2025-10-22T17:06:11.282Z"}
{"level":"error","message":"Python script failed with code 1: Using web scraping fallback to get track info...\r\nTraceback (most recent call last):\r\n  File \"C:\\Users\\LENOVO\\Desktop\\Spotify_Downloader_Backend\\spotify\\metadata_extractor.py\", line 40, in <module>\r\n    extract_metadata(track_url)\r\n    ~~~~~~~~~~~~~~~~^^^^^^^^^^^\r\n  File \"C:\\Users\\LENOVO\\Desktop\\Spotify_Downloader_Backend\\spotify\\metadata_extractor.py\", line 14, in extract_metadata\r\n    track = client.get_track_info(track_url)\r\n  File \"C:\\Users\\LENOVO\\Desktop\\Spotify_Downloader_Backend\\spotify\\spotify_client.py\", line 217, in get_track_info\r\n    raise ValueError(f\"Could not retrieve track info for ID: {track_id}\")\r\nValueError: Could not retrieve track info for ID: 4uLU6hMCjMI75M1A2tKUQ3\r\n","service":"spotify-downloader","timestamp":"2025-10-22T17:14:33.123Z"}
{"level":"error","message":"Error extracting Spotify metadata: Python script failed with code 1: Using web scraping fallback to get track info...\r\nTraceback (most recent call last):\r\n  File \"C:\\Users\\LENOVO\\Desktop\\Spotify_Downloader_Backend\\spotify\\metadata_extractor.py\", line 40, in <module>\r\n    extract_metadata(track_url)\r\n    ~~~~~~~~~~~~~~~~^^^^^^^^^^^\r\n  File \"C:\\Users\\LENOVO\\Desktop\\Spotify_Downloader_Backend\\spotify\\metadata_extractor.py\", line 14, in extract_metadata\r\n    track = client.get_track_info(track_url)\r\n  File \"C:\\Users\\LENOVO\\Desktop\\Spotify_Downloader_Backend\\spotify\\spotify_client.py\", line 217, in get_track_info\r\n    raise ValueError(f\"Could not retrieve track info for ID: {track_id}\")\r\nValueError: Could not retrieve track info for ID: 4uLU6hMCjMI75M1A2tKUQ3\r\n","service":"spotify-downloader","timestamp":"2025-10-22T17:14:33.124Z"}
{"level":"error","message":"Error in downloadSpotify controller: Python script failed with code 1: Using web scraping fallback to get track info...\r\nTraceback (most recent call last):\r\n  File \"C:\\Users\\LENOVO\\Desktop\\Spotify_Downloader_Backend\\spotify\\metadata_extractor.py\", line 40, in <module>\r\n    extract_metadata(track_url)\r\n    ~~~~~~~~~~~~~~~~^^^^^^^^^^^\r\n  File \"C:\\Users\\LENOVO\\Desktop\\Spotify_Downloader_Backend\\spotify\\metadata_extractor.py\", line 14, in extract_metadata\r\n    track = client.get_track_info(track_url)\r\n  File \"C:\\Users\\LENOVO\\Desktop\\Spotify_Downloader_Backend\\spotify\\spotify_client.py\", line 217, in get_track_info\r\n    raise ValueError(f\"Could not retrieve track info for ID: {track_id}\")\r\nValueError: Could not retrieve track info for ID: 4uLU6hMCjMI75M1A2tKUQ3\r\n","service":"spotify-downloader","timestamp":"2025-10-22T17:14:33.124Z"}
{"level":"error","message":"Python script failed with code 1: Using web scraping fallback to get track info...\r\nTraceback (most recent call last):\r\n  File \"C:\\Users\\LENOVO\\Desktop\\Spotify_Downloader_Backend\\spotify\\metadata_extractor.py\", line 40, in <module>\r\n    extract_metadata(track_url)\r\n    ~~~~~~~~~~~~~~~~^^^^^^^^^^^\r\n  File \"C:\\Users\\LENOVO\\Desktop\\Spotify_Downloader_Backend\\spotify\\metadata_extractor.py\", line 14, in extract_metadata\r\n    track = client.get_track_info(track_url)\r\n  File \"C:\\Users\\LENOVO\\Desktop\\Spotify_Downloader_Backend\\spotify\\spotify_client.py\", line 232, in get_track_info\r\n    raise ValueError(f\"Could not retrieve track info for ID: {track_id}\")\r\nValueError: Could not retrieve track info for ID: 4uLU6hMCjMI75M1A2tKUQ3\r\n","service":"spotify-downloader","timestamp":"2025-10-22T17:15:08.687Z"}
{"level":"error","message":"Error extracting Spotify metadata: Python script failed with code 1: Using web scraping fallback to get track info...\r\nTraceback (most recent call last):\r\n  File \"C:\\Users\\LENOVO\\Desktop\\Spotify_Downloader_Backend\\spotify\\metadata_extractor.py\", line 40, in <module>\r\n    extract_metadata(track_url)\r\n    ~~~~~~~~~~~~~~~~^^^^^^^^^^^\r\n  File \"C:\\Users\\LENOVO\\Desktop\\Spotify_Downloader_Backend\\spotify\\metadata_extractor.py\", line 14, in extract_metadata\r\n    track = client.get_track_info(track_url)\r\n  File \"C:\\Users\\LENOVO\\Desktop\\Spotify_Downloader_Backend\\spotify\\spotify_client.py\", line 232, in get_track_info\r\n    raise ValueError(f\"Could not retrieve track info for ID: {track_id}\")\r\nValueError: Could not retrieve track info for ID: 4uLU6hMCjMI75M1A2tKUQ3\r\n","service":"spotify-downloader","timestamp":"2025-10-22T17:15:08.688Z"}
{"level":"error","message":"Error in downloadSpotify controller: Python script failed with code 1: Using web scraping fallback to get track info...\r\nTraceback (most recent call last):\r\n  File \"C:\\Users\\LENOVO\\Desktop\\Spotify_Downloader_Backend\\spotify\\metadata_extractor.py\", line 40, in <module>\r\n    extract_metadata(track_url)\r\n    ~~~~~~~~~~~~~~~~^^^^^^^^^^^\r\n  File \"C:\\Users\\LENOVO\\Desktop\\Spotify_Downloader_Backend\\spotify\\metadata_extractor.py\", line 14, in extract_metadata\r\n    track = client.get_track_info(track_url)\r\n  File \"C:\\Users\\LENOVO\\Desktop\\Spotify_Downloader_Backend\\spotify\\spotify_client.py\", line 232, in get_track_info\r\n    raise ValueError(f\"Could not retrieve track info for ID: {track_id}\")\r\nValueError: Could not retrieve track info for ID: 4uLU6hMCjMI75M1A2tKUQ3\r\n","service":"spotify-downloader","timestamp":"2025-10-22T17:15:08.689Z"}
{"level":"error","message":"Error downloading from YouTube: Track title and artist are required","service":"spotify-downloader","timestamp":"2025-10-22T17:27:41.258Z"}
{"level":"error","message":"Error in downloadSpotify controller: Track title and artist are required","service":"spotify-downloader","timestamp":"2025-10-22T17:27:41.259Z"}
{"level":"error","message":"Error downloading from YouTube: Track title and artist are required","service":"spotify-downloader","timestamp":"2025-10-22T17:34:54.238Z"}
{"level":"error","message":"Error in downloadSpotify controller: Track title and artist are required","service":"spotify-downloader","timestamp":"2025-10-22T17:34:54.239Z"}
{"level":"error","message":"Error downloading from YouTube: Track title and artist are required","service":"spotify-downloader","timestamp":"2025-10-22T17:36:03.442Z"}
{"level":"error","message":"Error in downloadSpotify controller: Track title and artist are required","service":"spotify-downloader","timestamp":"2025-10-22T17:36:03.442Z"}
{"level":"error","message":"Error downloading from YouTube: Track title and artist are required","service":"spotify-downloader","timestamp":"2025-10-22T17:37:47.478Z"}
{"level":"error","message":"Error in downloadSpotify controller: Track title and artist are required","service":"spotify-downloader","timestamp":"2025-10-22T17:37:47.478Z"}
{"level":"error","message":"Python script failed with code 1: {\"success\": false, \"error\": \"Invalid arguments\"}\r\n","service":"spotify-downloader","timestamp":"2025-10-22T17:42:33.858Z"}
{"level":"error","message":"Error downloading from YouTube: Python script failed with code 1: {\"success\": false, \"error\": \"Invalid arguments\"}\r\n","service":"spotify-downloader","timestamp":"2025-10-22T17:42:33.859Z"}
{"level":"error","message":"Error in downloadSpotify controller: Python script failed with code 1: {\"success\": false, \"error\": \"Invalid arguments\"}\r\n","service":"spotify-downloader","timestamp":"2025-10-22T17:42:33.859Z"}
{"level":"error","message":"Python script failed with code 1: {\"success\": false, \"error\": \"Invalid arguments\"}\r\n","service":"spotify-downloader","timestamp":"2025-10-22T17:44:06.639Z"}
{"level":"error","message":"Error downloading from YouTube: Python script failed with code 1: {\"success\": false, \"error\": \"Invalid arguments\"}\r\n","service":"spotify-downloader","timestamp":"2025-10-22T17:44:06.641Z"}
{"level":"error","message":"Error in downloadSpotify controller: Python script failed with code 1: {\"success\": false, \"error\": \"Invalid arguments\"}\r\n","service":"spotify-downloader","timestamp":"2025-10-22T17:44:06.641Z"}
{"level":"error","message":"Python script failed with code 1: {\"success\": false, \"error\": \"Invalid arguments\"}\r\n","service":"spotify-downloader","timestamp":"2025-10-22T17:45:28.041Z"}
{"level":"error","message":"Error downloading from YouTube: Python script failed with code 1: {\"success\": false, \"error\": \"Invalid arguments\"}\r\n","service":"spotify-downloader","timestamp":"2025-10-22T17:45:28.042Z"}
{"level":"error","message":"Error in downloadSpotify controller: Python script failed with code 1: {\"success\": false, \"error\": \"Invalid arguments\"}\r\n","service":"spotify-downloader","timestamp":"2025-10-22T17:45:28.042Z"}
{"level":"error","message":"Error downloading from YouTube: Audio file not found after download","service":"spotify-downloader","timestamp":"2025-10-22T17:53:43.519Z"}
{"level":"error","message":"Error in downloadSpotify controller: Audio file not found after download","service":"spotify-downloader","timestamp":"2025-10-22T17:53:43.519Z"}
{"level":"error","message":"Error downloading from YouTube: Audio file not found after download","service":"spotify-downloader","timestamp":"2025-10-22T18:00:10.158Z"}
{"level":"error","message":"Error in downloadSpotify controller: Audio file not found after download","service":"spotify-downloader","timestamp":"2025-10-22T18:00:10.158Z"}
{"level":"error","message":"Error downloading from YouTube: Audio file not found after download","service":"spotify-downloader","timestamp":"2025-10-22T18:02:29.708Z"}
{"level":"error","message":"Error in downloadSpotify controller: Audio file not found after download","service":"spotify-downloader","timestamp":"2025-10-22T18:02:29.709Z"}
{"level":"error","message":"Error downloading from YouTube: Audio file not found after download","service":"spotify-downloader","timestamp":"2025-10-22T18:03:05.016Z"}
{"level":"error","message":"Error in downloadSpotify controller: Audio file not found after download","service":"spotify-downloader","timestamp":"2025-10-22T18:03:05.016Z"}
{"level":"error","message":"Error downloading from YouTube: Audio file not found after download","service":"spotify-downloader","timestamp":"2025-10-22T18:03:23.254Z"}
{"level":"error","message":"Error in downloadSpotify controller: Audio file not found after download","service":"spotify-downloader","timestamp":"2025-10-22T18:03:23.254Z"}
{"level":"error","message":"Error downloading from YouTube: Audio file not found after download","service":"spotify-downloader","timestamp":"2025-10-22T18:04:02.477Z"}
{"level":"error","message":"Error in downloadSpotify controller: Audio file not found after download","service":"spotify-downloader","timestamp":"2025-10-22T18:04:02.477Z"}
{"level":"error","message":"Error downloading from YouTube: Audio file not found after download","service":"spotify-downloader","timestamp":"2025-10-22T18:12:40.701Z"}
{"level":"error","message":"Error in downloadSpotify controller: Audio file not found after download","service":"spotify-downloader","timestamp":"2025-10-22T18:12:40.701Z"}
{"level":"error","message":"Error downloading from YouTube: Audio file not found after download","service":"spotify-downloader","timestamp":"2025-10-22T18:16:35.468Z"}
{"level":"error","message":"Error in downloadSpotify controller: Audio file not found after download","service":"spotify-downloader","timestamp":"2025-10-22T18:16:35.468Z"}
{"ip":"::1","level":"error","message":"Error occurred: Cannot read properties of undefined (reading 'spotifyUrl')","method":"POST","service":"spotify-downloader","timestamp":"2025-10-22T18:16:59.765Z","url":"/download-spotify","userAgent":"curl/8.14.1"}
{"ip":"::1","level":"error","message":"Error occurred: Cannot read properties of undefined (reading 'spotifyUrl')","method":"POST","service":"spotify-downloader","timestamp":"2025-10-22T18:17:12.985Z","url":"/download-spotify","userAgent":"curl/8.14.1"}
{"level":"error","message":"Error downloading from YouTube: Audio file not found after download","service":"spotify-downloader","timestamp":"2025-10-22T18:18:57.908Z"}
{"level":"error","message":"Error in downloadSpotify controller: Audio file not found after download","service":"spotify-downloader","timestamp":"2025-10-22T18:18:57.908Z"}
